<?xml version="1.0" encoding="UTF-8"?>
<!-- Generated by org.testng.reporters.JUnitReportReporter -->
<testsuite hostname="LAPTOP-K694228G" failures="0" tests="1" name="org.Docker.ParallelSelenium.org.Docker.ParallelSelenium.BaseClass2" time="6.182" errors="0" timestamp="2022-12-03T23:56:16 CET" skipped="0">
  <testcase classname="org.Docker.ParallelSelenium.org.Docker.ParallelSelenium.BaseClass2" name="initDriver" time="6.182"/>
  <system-out/>
</testsuite> <!-- org.Docker.ParallelSelenium.org.Docker.ParallelSelenium.BaseClass2 -->
