<?xml version="1.0" encoding="UTF-8"?>
<!-- Generated by org.testng.reporters.JUnitReportReporter -->
<testsuite hostname="LAPTOP-K694228G" failures="0" tests="1" name="org.Docker.ParallelSelenium.org.Docker.ParallelSelenium.BaseClass3" time="7.879" errors="0" timestamp="2022-12-06T01:54:09 CET" skipped="0">
  <testcase classname="org.Docker.ParallelSelenium.org.Docker.ParallelSelenium.BaseClass3" name="initDriver" time="7.879"/>
  <system-out/>
</testsuite> <!-- org.Docker.ParallelSelenium.org.Docker.ParallelSelenium.BaseClass3 -->
